Build started 11/18/2013 2:04:28 PM.
     1>Project "C:\Users\hzhou\Documents\HW4\GLSLExperiment\GLSLExperiment.vcxproj" on node 2 (build target(s)).
     1>InitializeBuildStatus:
         Creating "Debug\GLSLExperiment.unsuccessfulbuild" because "AlwaysCreate" was specified.
       ClCompile:
         All outputs are up-to-date.
         c:\Program Files (x86)\Microsoft Visual Studio 10.0\VC\bin\CL.exe /c /I..\glew\lib /I..\glew\include /I..\freeglut\include\GL /ZI /nologo /W3 /WX- /Od /Oy- /D _MBCS /Gm /EHsc /RTC1 /MDd /GS /fp:precise /Zc:wchar_t /Zc:forScope /Fo"Debug\\" /Fd"Debug\vc100.pdb" /Gd /TP /analyze- /errorReport:prompt example1.cpp
         example1.cpp
     1>c:\users\hzhou\documents\hw4\glslexperiment\example1.cpp(304): warning C4018: '<' : signed/unsigned mismatch
     1>c:\users\hzhou\documents\hw4\glslexperiment\example1.cpp(352): warning C4244: '=' : conversion from 'double' to 'GLfloat', possible loss of data
     1>c:\users\hzhou\documents\hw4\glslexperiment\example1.cpp(423): warning C4244: '=' : conversion from 'double' to 'GLfloat', possible loss of data
     1>c:\users\hzhou\documents\hw4\glslexperiment\example1.cpp(427): warning C4305: 'argument' : truncation from 'double' to 'const GLfloat'
     1>c:\users\hzhou\documents\hw4\glslexperiment\example1.cpp(427): warning C4305: 'argument' : truncation from 'double' to 'const GLfloat'
     1>c:\users\hzhou\documents\hw4\glslexperiment\example1.cpp(427): warning C4305: 'argument' : truncation from 'double' to 'const GLfloat'
     1>c:\users\hzhou\documents\hw4\glslexperiment\example1.cpp(484): warning C4244: 'argument' : conversion from 'double' to 'const GLfloat', possible loss of data
     1>c:\users\hzhou\documents\hw4\glslexperiment\example1.cpp(771): warning C4305: 'initializing' : truncation from 'double' to 'float'
     1>c:\users\hzhou\documents\hw4\glslexperiment\example1.cpp(776): warning C4244: '=' : conversion from 'double' to 'GLfloat', possible loss of data
     1>c:\users\hzhou\documents\hw4\glslexperiment\example1.cpp(847): warning C4244: 'argument' : conversion from 'time_t' to 'unsigned int', possible loss of data
       Link:
         c:\Program Files (x86)\Microsoft Visual Studio 10.0\VC\bin\link.exe /ERRORREPORT:PROMPT /OUT:"C:\Users\hzhou\Documents\HW4\Debug\GLSLExperiment.exe" /NOLOGO /LIBPATH:..\glew\lib /LIBPATH:..\freeglut\lib freeglut.lib glew32.lib glew32s.lib opengl32.lib glu32.lib kernel32.lib user32.lib gdi32.lib winspool.lib comdlg32.lib advapi32.lib shell32.lib ole32.lib oleaut32.lib uuid.lib odbc32.lib odbccp32.lib /MANIFEST /ManifestFile:"Debug\GLSLExperiment.exe.intermediate.manifest" /MANIFESTUAC:"level='asInvoker' uiAccess='false'" /DEBUG /PDB:"C:\Users\hzhou\Documents\HW4\Debug\GLSLExperiment.pdb" /TLBID:1 /DYNAMICBASE /NXCOMPAT /IMPLIB:"C:\Users\hzhou\Documents\HW4\Debug\GLSLExperiment.lib" /MACHINE:X86 Debug\bmpread.obj
         Debug\example1.obj
         Debug\InitShader.obj
         Debug\textfile.obj
         LINK : C:\Users\hzhou\Documents\HW4\Debug\GLSLExperiment.exe not found or not built by the last incremental link; performing full link
         GLSLExperiment.vcxproj -> C:\Users\hzhou\Documents\HW4\Debug\GLSLExperiment.exe
       Manifest:
         C:\Program Files (x86)\Microsoft SDKs\Windows\v7.0A\bin\mt.exe /nologo /verbose /outputresource:"C:\Users\hzhou\Documents\HW4\Debug\GLSLExperiment.exe;#1" /manifest Debug\GLSLExperiment.exe.intermediate.manifest
       FinalizeBuildStatus:
         Deleting file "Debug\GLSLExperiment.unsuccessfulbuild".
         Touching "Debug\GLSLExperiment.lastbuildstate".
     1>Done Building Project "C:\Users\hzhou\Documents\HW4\GLSLExperiment\GLSLExperiment.vcxproj" (build target(s)).

Build succeeded.

Time Elapsed 00:00:01.22
