C:\TEMP\CS543_PROJ5_PREP\CS543_PROJ5_PREP\CS543_PROJ5_STARTER_CODE\GRAPHICS_STARTING_CODE\DEBUG\GLSLEXPERIMENT.EXE
C:\TEMP\CS543_PROJ5_PREP\CS543_PROJ5_PREP\CS543_PROJ5_STARTER_CODE\GRAPHICS_STARTING_CODE\DEBUG\GLSLEXPERIMENT.ILK
C:\TEMP\CS543_PROJ5_PREP\CS543_PROJ5_PREP\CS543_PROJ5_STARTER_CODE\GRAPHICS_STARTING_CODE\DEBUG\GLSLEXPERIMENT.PDB
C:\TEMP\CS543_PROJ5_PREP\CS543_PROJ5_PREP\CS543_PROJ5_STARTER_CODE\GRAPHICS_STARTING_CODE\GLSLEXPERIMENT\DEBUG\EXAMPLE1.OBJ
C:\TEMP\CS543_PROJ5_PREP\CS543_PROJ5_PREP\CS543_PROJ5_STARTER_CODE\GRAPHICS_STARTING_CODE\GLSLEXPERIMENT\DEBUG\GLSLEXPERIMENT.EXE.INTERMEDIATE.MANIFEST
C:\TEMP\CS543_PROJ5_PREP\CS543_PROJ5_PREP\CS543_PROJ5_STARTER_CODE\GRAPHICS_STARTING_CODE\GLSLEXPERIMENT\DEBUG\INITSHADER.OBJ
C:\TEMP\CS543_PROJ5_PREP\CS543_PROJ5_PREP\CS543_PROJ5_STARTER_CODE\GRAPHICS_STARTING_CODE\GLSLEXPERIMENT\DEBUG\TEXTFILE.OBJ
C:\TEMP\CS543_PROJ5_PREP\CS543_PROJ5_PREP\CS543_PROJ5_STARTER_CODE\GRAPHICS_STARTING_CODE\GLSLEXPERIMENT\DEBUG\VC100.PDB
C:\TEMP\CS543_PROJ5_PREP\CS543_PROJ5_PREP\CS543_PROJ5_STARTER_CODE_MANDELBROT_WORKING\GRAPHICS_STARTING_CODE\DEBUG\GLSLEXPERIMENT.EXE
C:\TEMP\CS543_PROJ5_PREP\CS543_PROJ5_PREP\CS543_PROJ5_STARTER_CODE_MANDELBROT_WORKING\GRAPHICS_STARTING_CODE\DEBUG\GLSLEXPERIMENT.ILK
C:\TEMP\CS543_PROJ5_PREP\CS543_PROJ5_PREP\CS543_PROJ5_STARTER_CODE_MANDELBROT_WORKING\GRAPHICS_STARTING_CODE\DEBUG\GLSLEXPERIMENT.PDB
C:\temp\cs543_proj5_prep\cs543_proj5_prep\cs543_proj5_starter_code_mandelbrot_working\Graphics_Starting_Code\GLSLExperiment\Debug\cl.command.1.tlog
C:\temp\cs543_proj5_prep\cs543_proj5_prep\cs543_proj5_starter_code_mandelbrot_working\Graphics_Starting_Code\GLSLExperiment\Debug\CL.read.1.tlog
C:\temp\cs543_proj5_prep\cs543_proj5_prep\cs543_proj5_starter_code_mandelbrot_working\Graphics_Starting_Code\GLSLExperiment\Debug\CL.write.1.tlog
C:\TEMP\CS543_PROJ5_PREP\CS543_PROJ5_PREP\CS543_PROJ5_STARTER_CODE_MANDELBROT_WORKING\GRAPHICS_STARTING_CODE\GLSLEXPERIMENT\DEBUG\EXAMPLE1.OBJ
C:\TEMP\CS543_PROJ5_PREP\CS543_PROJ5_PREP\CS543_PROJ5_STARTER_CODE_MANDELBROT_WORKING\GRAPHICS_STARTING_CODE\GLSLEXPERIMENT\DEBUG\GLSLEXPERIMENT.EXE.INTERMEDIATE.MANIFEST
C:\TEMP\CS543_PROJ5_PREP\CS543_PROJ5_PREP\CS543_PROJ5_STARTER_CODE_MANDELBROT_WORKING\GRAPHICS_STARTING_CODE\GLSLEXPERIMENT\DEBUG\INITSHADER.OBJ
C:\temp\cs543_proj5_prep\cs543_proj5_prep\cs543_proj5_starter_code_mandelbrot_working\Graphics_Starting_Code\GLSLExperiment\Debug\link.command.1.tlog
C:\temp\cs543_proj5_prep\cs543_proj5_prep\cs543_proj5_starter_code_mandelbrot_working\Graphics_Starting_Code\GLSLExperiment\Debug\link.read.1.tlog
C:\temp\cs543_proj5_prep\cs543_proj5_prep\cs543_proj5_starter_code_mandelbrot_working\Graphics_Starting_Code\GLSLExperiment\Debug\link.write.1.tlog
C:\temp\cs543_proj5_prep\cs543_proj5_prep\cs543_proj5_starter_code_mandelbrot_working\Graphics_Starting_Code\GLSLExperiment\Debug\mt.command.1.tlog
C:\temp\cs543_proj5_prep\cs543_proj5_prep\cs543_proj5_starter_code_mandelbrot_working\Graphics_Starting_Code\GLSLExperiment\Debug\mt.read.1.tlog
C:\temp\cs543_proj5_prep\cs543_proj5_prep\cs543_proj5_starter_code_mandelbrot_working\Graphics_Starting_Code\GLSLExperiment\Debug\mt.write.1.tlog
C:\TEMP\CS543_PROJ5_PREP\CS543_PROJ5_PREP\CS543_PROJ5_STARTER_CODE_MANDELBROT_WORKING\GRAPHICS_STARTING_CODE\GLSLEXPERIMENT\DEBUG\TEXTFILE.OBJ
C:\temp\cs543_proj5_prep\cs543_proj5_prep\cs543_proj5_starter_code_mandelbrot_working\Graphics_Starting_Code\GLSLExperiment\Debug\vc100.idb
C:\TEMP\CS543_PROJ5_PREP\CS543_PROJ5_PREP\CS543_PROJ5_STARTER_CODE_MANDELBROT_WORKING\GRAPHICS_STARTING_CODE\GLSLEXPERIMENT\DEBUG\VC100.PDB
